<?xml version="1.0" encoding="UTF-8"?>
<testsuite xmlns:xsi="http://www.w3.org/2001/XMLSchema-instance" xsi:noNamespaceSchemaLocation="https://maven.apache.org/surefire/maven-surefire-plugin/xsd/surefire-test-report-3.0.xsd" version="3.0" name="com.google.gwt.sample.stockwatcher.server.StockPriceServiceImplTest" time="0.223" tests="9" errors="0" skipped="0" failures="0">
  <properties>
    <property name="java.specification.version" value="17"/>
    <property name="sun.cpu.isalist" value="amd64"/>
    <property name="sun.jnu.encoding" value="Cp1252"/>
    <property name="java.class.path" value="C:\Users\lanco\Desktop\Enrico\Documenti\Uni\Ingegneria del Software\progetto 2023\progetto\ProgettoSWENG\stockwatcher-server\target\test-classes;C:\Users\lanco\Desktop\Enrico\Documenti\Uni\Ingegneria del Software\progetto 2023\progetto\ProgettoSWENG\stockwatcher-server\target\classes;C:\Users\lanco\Desktop\Enrico\Documenti\Uni\Ingegneria del Software\progetto 2023\progetto\ProgettoSWENG\stockwatcher-shared\target\stockwatcher-shared-1.0-SNAPSHOT.jar;C:\Users\lanco\.m2\repository\org\gwtproject\gwt-servlet\2.10.0\gwt-servlet-2.10.0.jar;C:\Users\lanco\.m2\repository\javax\servlet\javax.servlet-api\3.1.0\javax.servlet-api-3.1.0.jar;C:\Users\lanco\.m2\repository\org\mapdb\mapdb\3.0.8\mapdb-3.0.8.jar;C:\Users\lanco\.m2\repository\org\jetbrains\kotlin\kotlin-stdlib\1.2.71\kotlin-stdlib-1.2.71.jar;C:\Users\lanco\.m2\repository\org\jetbrains\kotlin\kotlin-stdlib-common\1.2.71\kotlin-stdlib-common-1.2.71.jar;C:\Users\lanco\.m2\repository\org\jetbrains\annotations\13.0\annotations-13.0.jar;C:\Users\lanco\.m2\repository\org\eclipse\collections\eclipse-collections-api\12.0.0.M3\eclipse-collections-api-12.0.0.M3.jar;C:\Users\lanco\.m2\repository\org\eclipse\collections\eclipse-collections\12.0.0.M3\eclipse-collections-12.0.0.M3.jar;C:\Users\lanco\.m2\repository\org\eclipse\collections\eclipse-collections-forkjoin\12.0.0.M3\eclipse-collections-forkjoin-12.0.0.M3.jar;C:\Users\lanco\.m2\repository\com\google\guava\guava\32.1.3-jre\guava-32.1.3-jre.jar;C:\Users\lanco\.m2\repository\com\google\guava\failureaccess\1.0.1\failureaccess-1.0.1.jar;C:\Users\lanco\.m2\repository\com\google\guava\listenablefuture\9999.0-empty-to-avoid-conflict-with-guava\listenablefuture-9999.0-empty-to-avoid-conflict-with-guava.jar;C:\Users\lanco\.m2\repository\com\google\code\findbugs\jsr305\1.3.9\jsr305-1.3.9.jar;C:\Users\lanco\.m2\repository\org\checkerframework\checker-qual\3.37.0\checker-qual-3.37.0.jar;C:\Users\lanco\.m2\repository\com\google\errorprone\error_prone_annotations\2.21.1\error_prone_annotations-2.21.1.jar;C:\Users\lanco\.m2\repository\com\google\j2objc\j2objc-annotations\2.8\j2objc-annotations-2.8.jar;C:\Users\lanco\.m2\repository\net\jpountz\lz4\lz4\1.3.0\lz4-1.3.0.jar;C:\Users\lanco\.m2\repository\org\mapdb\elsa\3.0.0-M5\elsa-3.0.0-M5.jar;C:\Users\lanco\.m2\repository\com\fasterxml\jackson\core\jackson-databind\2.13.3\jackson-databind-2.13.3.jar;C:\Users\lanco\.m2\repository\com\fasterxml\jackson\core\jackson-annotations\2.13.3\jackson-annotations-2.13.3.jar;C:\Users\lanco\.m2\repository\com\fasterxml\jackson\core\jackson-core\2.13.3\jackson-core-2.13.3.jar;C:\Users\lanco\.m2\repository\com\google\code\gson\gson\2.8.5\gson-2.8.5.jar;C:\Users\lanco\.m2\repository\junit\junit\4.12\junit-4.12.jar;C:\Users\lanco\.m2\repository\org\hamcrest\hamcrest-core\1.3\hamcrest-core-1.3.jar;C:\Users\lanco\.m2\repository\org\mockito\mockito-all\1.9.5\mockito-all-1.9.5.jar;"/>
    <property name="java.vm.vendor" value="Oracle Corporation"/>
    <property name="sun.arch.data.model" value="64"/>
    <property name="user.variant" value=""/>
    <property name="java.vendor.url" value="https://java.oracle.com/"/>
    <property name="user.timezone" value="Europe/Rome"/>
    <property name="os.name" value="Windows 10"/>
    <property name="java.vm.specification.version" value="17"/>
    <property name="sun.java.launcher" value="SUN_STANDARD"/>
    <property name="user.country" value="IT"/>
    <property name="sun.boot.library.path" value="C:\Users\lanco\Downloads\Telegram Desktop\jdk-17.0.3.1\jdk-17.0.3.1\bin"/>
    <property name="sun.java.command" value="C:\Users\lanco\AppData\Local\Temp\surefire16558000493923675342\surefirebooter-20231206235755824_3.jar C:\Users\lanco\AppData\Local\Temp\surefire16558000493923675342 2023-12-06T23-57-12_925-jvmRun1 surefire-20231206235755824_1tmp surefire_0-20231206235755824_2tmp"/>
    <property name="jdk.debug" value="release"/>
    <property name="surefire.test.class.path" value="C:\Users\lanco\Desktop\Enrico\Documenti\Uni\Ingegneria del Software\progetto 2023\progetto\ProgettoSWENG\stockwatcher-server\target\test-classes;C:\Users\lanco\Desktop\Enrico\Documenti\Uni\Ingegneria del Software\progetto 2023\progetto\ProgettoSWENG\stockwatcher-server\target\classes;C:\Users\lanco\Desktop\Enrico\Documenti\Uni\Ingegneria del Software\progetto 2023\progetto\ProgettoSWENG\stockwatcher-shared\target\stockwatcher-shared-1.0-SNAPSHOT.jar;C:\Users\lanco\.m2\repository\org\gwtproject\gwt-servlet\2.10.0\gwt-servlet-2.10.0.jar;C:\Users\lanco\.m2\repository\javax\servlet\javax.servlet-api\3.1.0\javax.servlet-api-3.1.0.jar;C:\Users\lanco\.m2\repository\org\mapdb\mapdb\3.0.8\mapdb-3.0.8.jar;C:\Users\lanco\.m2\repository\org\jetbrains\kotlin\kotlin-stdlib\1.2.71\kotlin-stdlib-1.2.71.jar;C:\Users\lanco\.m2\repository\org\jetbrains\kotlin\kotlin-stdlib-common\1.2.71\kotlin-stdlib-common-1.2.71.jar;C:\Users\lanco\.m2\repository\org\jetbrains\annotations\13.0\annotations-13.0.jar;C:\Users\lanco\.m2\repository\org\eclipse\collections\eclipse-collections-api\12.0.0.M3\eclipse-collections-api-12.0.0.M3.jar;C:\Users\lanco\.m2\repository\org\eclipse\collections\eclipse-collections\12.0.0.M3\eclipse-collections-12.0.0.M3.jar;C:\Users\lanco\.m2\repository\org\eclipse\collections\eclipse-collections-forkjoin\12.0.0.M3\eclipse-collections-forkjoin-12.0.0.M3.jar;C:\Users\lanco\.m2\repository\com\google\guava\guava\32.1.3-jre\guava-32.1.3-jre.jar;C:\Users\lanco\.m2\repository\com\google\guava\failureaccess\1.0.1\failureaccess-1.0.1.jar;C:\Users\lanco\.m2\repository\com\google\guava\listenablefuture\9999.0-empty-to-avoid-conflict-with-guava\listenablefuture-9999.0-empty-to-avoid-conflict-with-guava.jar;C:\Users\lanco\.m2\repository\com\google\code\findbugs\jsr305\1.3.9\jsr305-1.3.9.jar;C:\Users\lanco\.m2\repository\org\checkerframework\checker-qual\3.37.0\checker-qual-3.37.0.jar;C:\Users\lanco\.m2\repository\com\google\errorprone\error_prone_annotations\2.21.1\error_prone_annotations-2.21.1.jar;C:\Users\lanco\.m2\repository\com\google\j2objc\j2objc-annotations\2.8\j2objc-annotations-2.8.jar;C:\Users\lanco\.m2\repository\net\jpountz\lz4\lz4\1.3.0\lz4-1.3.0.jar;C:\Users\lanco\.m2\repository\org\mapdb\elsa\3.0.0-M5\elsa-3.0.0-M5.jar;C:\Users\lanco\.m2\repository\com\fasterxml\jackson\core\jackson-databind\2.13.3\jackson-databind-2.13.3.jar;C:\Users\lanco\.m2\repository\com\fasterxml\jackson\core\jackson-annotations\2.13.3\jackson-annotations-2.13.3.jar;C:\Users\lanco\.m2\repository\com\fasterxml\jackson\core\jackson-core\2.13.3\jackson-core-2.13.3.jar;C:\Users\lanco\.m2\repository\com\google\code\gson\gson\2.8.5\gson-2.8.5.jar;C:\Users\lanco\.m2\repository\junit\junit\4.12\junit-4.12.jar;C:\Users\lanco\.m2\repository\org\hamcrest\hamcrest-core\1.3\hamcrest-core-1.3.jar;C:\Users\lanco\.m2\repository\org\mockito\mockito-all\1.9.5\mockito-all-1.9.5.jar;"/>
    <property name="sun.cpu.endian" value="little"/>
    <property name="user.home" value="C:\Users\lanco"/>
    <property name="user.language" value="it"/>
    <property name="java.specification.vendor" value="Oracle Corporation"/>
    <property name="java.version.date" value="2022-04-22"/>
    <property name="java.home" value="C:\Users\lanco\Downloads\Telegram Desktop\jdk-17.0.3.1\jdk-17.0.3.1"/>
    <property name="file.separator" value="\"/>
    <property name="basedir" value="C:\Users\lanco\Desktop\Enrico\Documenti\Uni\Ingegneria del Software\progetto 2023\progetto\ProgettoSWENG\stockwatcher-server"/>
    <property name="java.vm.compressedOopsMode" value="32-bit"/>
    <property name="line.separator" value="&#10;"/>
    <property name="java.vm.specification.vendor" value="Oracle Corporation"/>
    <property name="java.specification.name" value="Java Platform API Specification"/>
    <property name="surefire.real.class.path" value="C:\Users\lanco\AppData\Local\Temp\surefire16558000493923675342\surefirebooter-20231206235755824_3.jar"/>
    <property name="user.script" value=""/>
    <property name="sun.management.compiler" value="HotSpot 64-Bit Tiered Compilers"/>
    <property name="java.runtime.version" value="17.0.3.1+2-LTS-6"/>
    <property name="user.name" value="HP_pav_i58250"/>
    <property name="path.separator" value=";"/>
    <property name="os.version" value="10.0"/>
    <property name="java.runtime.name" value="Java(TM) SE Runtime Environment"/>
    <property name="file.encoding" value="Cp1252"/>
    <property name="java.vm.name" value="Java HotSpot(TM) 64-Bit Server VM"/>
    <property name="localRepository" value="C:\Users\lanco\.m2\repository"/>
    <property name="java.vendor.url.bug" value="https://bugreport.java.com/bugreport/"/>
    <property name="java.io.tmpdir" value="C:\Users\lanco\AppData\Local\Temp\"/>
    <property name="idea.version" value="2023.2.5"/>
    <property name="java.version" value="17.0.3.1"/>
    <property name="user.dir" value="C:\Users\lanco\Desktop\Enrico\Documenti\Uni\Ingegneria del Software\progetto 2023\progetto\ProgettoSWENG\stockwatcher-server"/>
    <property name="os.arch" value="amd64"/>
    <property name="java.vm.specification.name" value="Java Virtual Machine Specification"/>
    <property name="sun.os.patch.level" value=""/>
    <property name="native.encoding" value="Cp1252"/>
    <property name="java.library.path" value="C:\Users\lanco\Downloads\Telegram Desktop\jdk-17.0.3.1\jdk-17.0.3.1\bin;C:\WINDOWS\Sun\Java\bin;C:\WINDOWS\system32;C:\WINDOWS;C:\Program Files\Common Files\Oracle\Java\javapath;C:\Program Files\Java\jdk-14.0.2\bin;C:\Program Files (x86)\Common Files\Oracle\Java\javapath;C:\windows\system32;C:\windows;C:\windows\System32\Wbem;C:\windows\System32\WindowsPowerShell\v1.0\;C:\windows\System32\OpenSSH\;C:\Program Files (x86)\NVIDIA Corporation\PhysX\Common;C:\Program Files\NVIDIA Corporation\NVIDIA NvDLISR;C:\Program Files\jEdit;C:\Program Files\WorldPainter;C:\WINDOWS\system32;C:\WINDOWS;C:\WINDOWS\System32\Wbem;C:\WINDOWS\System32\WindowsPowerShell\v1.0\;C:\WINDOWS\System32\OpenSSH\;C:\Program Files (x86)\QuickTime\QTSystem\;C:\Program Files\MATLAB\R2021b\bin;C:\Program Files\ApacheMaven\am\bin;C:\Program Files\Git\cmd;C:\Program Files\Java\jdk-14.0.2\bin;C:\Users\lanco\AppData\Local\Microsoft\WindowsApps;C:\Program Files\JetBrains\IntelliJ IDEA Community Edition 2020.1.1\bin;C:\Users\lanco\AppData\Local\GitHubDesktop\bin;C:\Users\lanco\AppData\Local\atom\bin;."/>
    <property name="java.vm.info" value="mixed mode, sharing"/>
    <property name="java.vendor" value="Oracle Corporation"/>
    <property name="java.vm.version" value="17.0.3.1+2-LTS-6"/>
    <property name="sun.io.unicode.encoding" value="UnicodeLittle"/>
    <property name="java.class.version" value="61.0"/>
  </properties>
  <testcase name="addProposta" classname="com.google.gwt.sample.stockwatcher.server.StockPriceServiceImplTest" time="0.003"/>
  <testcase name="controlAccount" classname="com.google.gwt.sample.stockwatcher.server.StockPriceServiceImplTest" time="0.035"/>
  <testcase name="addCard" classname="com.google.gwt.sample.stockwatcher.server.StockPriceServiceImplTest" time="0.001"/>
  <testcase name="loadProposteScambi" classname="com.google.gwt.sample.stockwatcher.server.StockPriceServiceImplTest" time="0"/>
  <testcase name="loadCarteMagic" classname="com.google.gwt.sample.stockwatcher.server.StockPriceServiceImplTest" time="0"/>
  <testcase name="login" classname="com.google.gwt.sample.stockwatcher.server.StockPriceServiceImplTest" time="0"/>
  <testcase name="addAccount" classname="com.google.gwt.sample.stockwatcher.server.StockPriceServiceImplTest" time="0.001"/>
  <testcase name="rimuoviCarta" classname="com.google.gwt.sample.stockwatcher.server.StockPriceServiceImplTest" time="0.001"/>
  <testcase name="gestisciScambio" classname="com.google.gwt.sample.stockwatcher.server.StockPriceServiceImplTest" time="0"/>
</testsuite>